[    0.000000] Linux version 4.15.0-206-generic (buildd@lcy02-amd64-070) (gcc version 7.5.0 (Ubuntu 7.5.0-3ubuntu1~18.04)) #217-Ubuntu SMP Fri Feb 3 19:10:13 UTC 2023 (Ubuntu 4.15.0-206.217-generic 4.15.18)
[    0.000000] Command line: BOOT_IMAGE=/boot/vmlinuz-4.15.0-206-generic root=LABEL=cloudimg-rootfs ro console=tty1 console=ttyS0
[    0.000000] KERNEL supported cpus:
[    0.000000]   Intel GenuineIntel
[    0.000000]   AMD AuthenticAMD
[    0.000000]   Centaur CentaurHauls
[    0.000000] x86/fpu: x87 FPU will use FXSAVE
[    0.000000] e820: BIOS-provided physical RAM map:
[    0.000000] BIOS-e820: [mem 0x0000000000000000-0x000000000009fbff] usable
[    0.000000] BIOS-e820: [mem 0x000000000009fc00-0x000000000009ffff] reserved
[    0.000000] BIOS-e820: [mem 0x00000000000f0000-0x00000000000fffff] reserved
[    0.000000] BIOS-e820: [mem 0x0000000000100000-0x000000003ffeffff] usable
[    0.000000] BIOS-e820: [mem 0x000000003fff0000-0x000000003fffffff] ACPI data
[    0.000000] BIOS-e820: [mem 0x00000000fec00000-0x00000000fec00fff] reserved
[    0.000000] BIOS-e820: [mem 0x00000000fee00000-0x00000000fee00fff] reserved
[    0.000000] BIOS-e820: [mem 0x00000000fffc0000-0x00000000ffffffff] reserved
[    0.000000] NX (Execute Disable) protection: active
[    0.000000] SMBIOS 2.5 present.
[    0.000000] DMI: innotek GmbH VirtualBox/VirtualBox, BIOS VirtualBox 12/01/2006
[    0.000000] Hypervisor detected: KVM
[    0.000000] e820: last_pfn = 0x3fff0 max_arch_pfn = 0x400000000
[    0.000000] MTRR: Disabled
[    0.000000] x86/PAT: MTRRs disabled, skipping PAT initialization too.
[    0.000000] CPU MTRRs all blank - virtualized system.
[    0.000000] x86/PAT: Configuration [0-7]: WB  WT  UC- UC  WB  WT  UC- UC  
[    0.000000] found SMP MP-table at [mem 0x0009fff0-0x0009ffff]
[    0.000000] Scanning 1 areas for low memory corruption
[    0.000000] RAMDISK: [mem 0x3580d000-0x36bfdfff]
[    0.000000] ACPI: Early table checksum verification disabled
[    0.000000] ACPI: RSDP 0x00000000000E0000 000024 (v02 VBOX  )
[    0.000000] ACPI: XSDT 0x000000003FFF0030 00003C (v01 VBOX   VBOXXSDT 00000001 ASL  00000061)
[    0.000000] ACPI: FACP 0x000000003FFF00F0 0000F4 (v04 VBOX   VBOXFACP 00000001 ASL  00000061)
[    0.000000] ACPI: DSDT 0x000000003FFF0610 002353 (v02 VBOX   VBOXBIOS 00000002 INTL 20100528)
[    0.000000] ACPI: FACS 0x000000003FFF0200 000040
[    0.000000] ACPI: FACS 0x000000003FFF0200 000040
[    0.000000] ACPI: APIC 0x000000003FFF0240 00005C (v02 VBOX   VBOXAPIC 00000001 ASL  00000061)
[    0.000000] ACPI: SSDT 0x000000003FFF02A0 00036C (v01 VBOX   VBOXCPUT 00000002 INTL 20100528)
[    0.000000] ACPI: Reserving FACP table memory at [mem 0x3fff00f0-0x3fff01e3]
[    0.000000] ACPI: Reserving DSDT table memory at [mem 0x3fff0610-0x3fff2962]
[    0.000000] ACPI: Reserving FACS table memory at [mem 0x3fff0200-0x3fff023f]
[    0.000000] ACPI: Reserving FACS table memory at [mem 0x3fff0200-0x3fff023f]
[    0.000000] ACPI: Reserving APIC table memory at [mem 0x3fff0240-0x3fff029b]
[    0.000000] ACPI: Reserving SSDT table memory at [mem 0x3fff02a0-0x3fff060b]
[    0.000000] No NUMA configuration found
[    0.000000] Faking a node at [mem 0x0000000000000000-0x000000003ffeffff]
[    0.000000] NODE_DATA(0) allocated [mem 0x3ffc5000-0x3ffeffff]
[    0.000000] kvm-clock: cpu 0, msr 0:3ff44001, primary cpu clock
[    0.000000] kvm-clock: Using msrs 4b564d01 and 4b564d00
[    0.000000] kvm-clock: using sched offset of 5218197967 cycles
[    0.000000] clocksource: kvm-clock: mask: 0xffffffffffffffff max_cycles: 0x1cd42e4dffb, max_idle_ns: 881590591483 ns
[    0.000000] Zone ranges:
[    0.000000]   DMA      [mem 0x0000000000001000-0x0000000000ffffff]
[    0.000000]   DMA32    [mem 0x0000000001000000-0x000000003ffeffff]
[    0.000000]   Normal   empty
[    0.000000]   Device   empty
[    0.000000] Movable zone start for each node
[    0.000000] Early memory node ranges
[    0.000000]   node   0: [mem 0x0000000000001000-0x000000000009efff]
[    0.000000]   node   0: [mem 0x0000000000100000-0x000000003ffeffff]
[    0.000000] Reserved but unavailable: 104 pages
[    0.000000] Initmem setup node 0 [mem 0x0000000000001000-0x000000003ffeffff]
[    0.000000] ACPI: PM-Timer IO Port: 0x4008
[    0.000000] IOAPIC[0]: apic_id 2, version 32, address 0xfec00000, GSI 0-23
[    0.000000] ACPI: INT_SRC_OVR (bus 0 bus_irq 0 global_irq 2 dfl dfl)
[    0.000000] ACPI: INT_SRC_OVR (bus 0 bus_irq 9 global_irq 9 low level)
[    0.000000] Using ACPI (MADT) for SMP configuration information
[    0.000000] smpboot: Allowing 2 CPUs, 0 hotplug CPUs
[    0.000000] PM: Registered nosave memory: [mem 0x00000000-0x00000fff]
[    0.000000] PM: Registered nosave memory: [mem 0x0009f000-0x0009ffff]
[    0.000000] PM: Registered nosave memory: [mem 0x000a0000-0x000effff]
[    0.000000] PM: Registered nosave memory: [mem 0x000f0000-0x000fffff]
[    0.000000] e820: [mem 0x40000000-0xfebfffff] available for PCI devices
[    0.000000] Booting paravirtualized kernel on KVM
[    0.000000] clocksource: refined-jiffies: mask: 0xffffffff max_cycles: 0xffffffff, max_idle_ns: 7645519600211568 ns
[    0.000000] setup_percpu: NR_CPUS:8192 nr_cpumask_bits:2 nr_cpu_ids:2 nr_node_ids:1
[    0.000000] percpu: Embedded 50 pages/cpu s167936 r8192 d28672 u1048576
[    0.000000] PV qspinlock hash table entries: 256 (order: 0, 4096 bytes)
[    0.000000] Built 1 zonelists, mobility grouping on.  Total pages: 257913
[    0.000000] Policy zone: DMA32
[    0.000000] Kernel command line: BOOT_IMAGE=/boot/vmlinuz-4.15.0-206-generic root=LABEL=cloudimg-rootfs ro console=tty1 console=ttyS0
[    0.000000] Memory: 981752K/1048120K available (12300K kernel code, 2477K rwdata, 4324K rodata, 2480K init, 2720K bss, 66368K reserved, 0K cma-reserved)
[    0.000000] SLUB: HWalign=64, Order=0-3, MinObjects=0, CPUs=2, Nodes=1
[    0.000000] Kernel/User page tables isolation: enabled
[    0.000000] ftrace: allocating 39485 entries in 155 pages
[    0.004000] Hierarchical RCU implementation.
[    0.004000] 	RCU restricting CPUs from NR_CPUS=8192 to nr_cpu_ids=2.
[    0.004000] 	Tasks RCU enabled.
[    0.004000] RCU: Adjusting geometry for rcu_fanout_leaf=16, nr_cpu_ids=2
[    0.004000] NR_IRQS: 524544, nr_irqs: 440, preallocated irqs: 16
[    0.004000] random: crng init done
[    0.004000] Console: colour VGA+ 80x25
[    0.004000] console [tty1] enabled
[    0.004000] console [ttyS0] enabled
[    0.004000] ACPI: Core revision 20170831
[    0.004000] ACPI: 2 ACPI AML tables successfully acquired and loaded
[    0.004000] APIC: Switch to symmetric I/O mode setup
[    0.008000] ..TIMER: vector=0x30 apic1=0 pin1=2 apic2=-1 pin2=-1
[    0.008009] tsc: Detected 2399.998 MHz processor
[    0.012018] Calibrating delay loop (skipped) preset value.. 4799.99 BogoMIPS (lpj=9599992)
[    0.016009] pid_max: default: 32768 minimum: 301
[    0.020136] Security Framework initialized
[    0.024013] Yama: becoming mindful.
[    0.028167] AppArmor: AppArmor initialized
[    0.042084] Dentry cache hash table entries: 131072 (order: 8, 1048576 bytes)
[    0.050764] Inode-cache hash table entries: 65536 (order: 7, 524288 bytes)
[    0.052178] Mount-cache hash table entries: 2048 (order: 2, 16384 bytes)
[    0.056143] Mountpoint-cache hash table entries: 2048 (order: 2, 16384 bytes)
[    0.063148] Last level iTLB entries: 4KB 64, 2MB 8, 4MB 8
[    0.064011] Last level dTLB entries: 4KB 64, 2MB 0, 4MB 0, 1GB 4
[    0.068010] Spectre V1 : Mitigation: usercopy/swapgs barriers and __user pointer sanitization
[    0.072010] Spectre V2 : Mitigation: Retpolines
[    0.076009] Spectre V2 : Spectre v2 / SpectreRSB mitigation: Filling RSB on context switch
[    0.080007] Spectre V2 : Spectre v2 / SpectreRSB : Filling RSB on VMEXIT
[    0.084008] RETBleed: WARNING: Spectre v2 mitigation leaves CPU vulnerable to RETBleed attacks, data leaks possible!
[    0.088012] RETBleed: Vulnerable
[    0.092008] Speculative Store Bypass: Vulnerable
[    0.096196] MDS: Mitigation: Clear CPU buffers
[    0.100007] MMIO Stale Data: Mitigation: Clear CPU buffers
[    0.104010] SRBDS: Unknown: Dependent on hypervisor status
[    0.108317] Freeing SMP alternatives memory: 36K
[    0.226069] smpboot: CPU0: Intel(R) Core(TM) i3-7100U CPU @ 2.40GHz (family: 0x6, model: 0x8e, stepping: 0x9)
[    0.232095] Performance Events: unsupported p6 CPU model 142 no PMU driver, software events only.
[    0.236236] Hierarchical SRCU implementation.
[    0.241217] NMI watchdog: Perf event create on CPU 0 failed with -2
[    0.244137] NMI watchdog: Perf NMI watchdog permanently disabled
[    0.252564] smp: Bringing up secondary CPUs ...
[    0.257520] x86: Booting SMP configuration:
[    0.260014] .... node  #0, CPUs:      #1
[    0.004000] kvm-clock: cpu 1, msr 0:3ff44041, secondary cpu clock
[    0.282643] TSC synchronization [CPU#0 -> CPU#1]:
[    0.284000] Measured 101148 cycles TSC warp between CPUs, turning off TSC clock.
[    0.284000] tsc: Marking TSC unstable due to check_tsc_sync_source failed
[    0.292280] smp: Brought up 1 node, 2 CPUs
[    0.296011] smpboot: Max logical packages: 1
[    0.300015] smpboot: Total of 2 processors activated (9599.99 BogoMIPS)
[    0.305173] devtmpfs: initialized
[    0.308171] x86/mm: Memory block size: 128MB
[    0.316330] evm: security.selinux
[    0.320008] evm: security.SMACK64
[    0.324007] evm: security.SMACK64EXEC
[    0.328009] evm: security.SMACK64TRANSMUTE
[    0.332005] evm: security.SMACK64MMAP
[    0.336007] evm: security.apparmor
[    0.340007] evm: security.ima
[    0.344004] evm: security.capability
[    0.352621] clocksource: jiffies: mask: 0xffffffff max_cycles: 0xffffffff, max_idle_ns: 7645041785100000 ns
[    0.356017] futex hash table entries: 512 (order: 3, 32768 bytes)
[    0.360322] pinctrl core: initialized pinctrl subsystem
[    0.364918] RTC time:  3:09:59, date: 08/19/23
[    0.372054] NET: Registered protocol family 16
[    0.376176] audit: initializing netlink subsys (disabled)
[    0.384353] audit: type=2000 audit(1692414605.899:1): state=initialized audit_enabled=0 res=1
[    0.400013] cpuidle: using governor ladder
[    0.404019] cpuidle: using governor menu
[    0.408102] ACPI: bus type PCI registered
[    0.412007] acpiphp: ACPI Hot Plug PCI Controller Driver version: 0.5
[    0.416888] PCI: Using configuration type 1 for base access
[    0.428885] HugeTLB registered 2.00 MiB page size, pre-allocated 0 pages
[    0.436859] ACPI: Added _OSI(Module Device)
[    0.440017] ACPI: Added _OSI(Processor Device)
[    0.444004] ACPI: Added _OSI(3.0 _SCP Extensions)
[    0.448007] ACPI: Added _OSI(Processor Aggregator Device)
[    0.452008] ACPI: Added _OSI(Linux-Dell-Video)
[    0.456006] ACPI: Added _OSI(Linux-Lenovo-NV-HDMI-Audio)
[    0.460009] ACPI: Added _OSI(Linux-HPI-Hybrid-Graphics)
[    0.465421] ACPI: Executed 1 blocks of module-level executable AML code
[    0.477200] ACPI: Interpreter enabled
[    0.480026] ACPI: (supports S0 S5)
[    0.484006] ACPI: Using IOAPIC for interrupt routing
[    0.488671] PCI: Using host bridge windows from ACPI; if necessary, use "pci=nocrs" and report a bug
[    0.492475] ACPI: Enabled 2 GPEs in block 00 to 07
[    0.515740] ACPI: PCI Root Bridge [PCI0] (domain 0000 [bus 00-ff])
[    0.516016] acpi PNP0A03:00: _OSC: OS supports [ASPM ClockPM Segments MSI]
[    0.521245] acpi PNP0A03:00: _OSC: not requesting OS control; OS requires [ExtendedConfig ASPM ClockPM MSI]
[    0.524027] acpi PNP0A03:00: fail to add MMCONFIG information, can't access extended PCI configuration space under this bridge.
[    0.529335] PCI host bridge to bus 0000:00
[    0.536017] pci_bus 0000:00: root bus resource [io  0x0000-0x0cf7 window]
[    0.540176] pci_bus 0000:00: root bus resource [io  0x0d00-0xffff window]
[    0.544010] pci_bus 0000:00: root bus resource [mem 0x000a0000-0x000bffff window]
[    0.548009] pci_bus 0000:00: root bus resource [mem 0x40000000-0xfdffffff window]
[    0.552010] pci_bus 0000:00: root bus resource [bus 00-ff]
[    0.569324] pci 0000:00:01.1: legacy IDE quirk: reg 0x10: [io  0x01f0-0x01f7]
[    0.572012] pci 0000:00:01.1: legacy IDE quirk: reg 0x14: [io  0x03f6]
[    0.576010] pci 0000:00:01.1: legacy IDE quirk: reg 0x18: [io  0x0170-0x0177]
[    0.580010] pci 0000:00:01.1: legacy IDE quirk: reg 0x1c: [io  0x0376]
[    0.616840] pci 0000:00:07.0: quirk: [io  0x4000-0x403f] claimed by PIIX4 ACPI
[    0.620092] pci 0000:00:07.0: quirk: [io  0x4100-0x410f] claimed by PIIX4 SMB
[    0.645818] ACPI: PCI Interrupt Link [LNKA] (IRQs 5 9 10 *11)
[    0.652032] ACPI: PCI Interrupt Link [LNKB] (IRQs 5 9 *10 11)
[    0.656347] ACPI: PCI Interrupt Link [LNKC] (IRQs 5 *9 10 11)
[    0.660375] ACPI: PCI Interrupt Link [LNKD] (IRQs 5 9 10 *11)
[    0.665236] SCSI subsystem initialized
[    0.668322] pci 0000:00:02.0: vgaarb: setting as boot VGA device
[    0.672000] pci 0000:00:02.0: vgaarb: VGA device added: decodes=io+mem,owns=io+mem,locks=none
[    0.672011] pci 0000:00:02.0: vgaarb: bridge control possible
[    0.676005] vgaarb: loaded
[    0.680140] ACPI: bus type USB registered
[    0.684037] usbcore: registered new interface driver usbfs
[    0.688059] usbcore: registered new interface driver hub
[    0.692024] usbcore: registered new device driver usb
[    0.696403] EDAC MC: Ver: 3.0.0
[    0.704024] PCI: Using ACPI for IRQ routing
[    0.712583] NetLabel: Initializing
[    0.716004] NetLabel:  domain hash size = 128
[    0.720006] NetLabel:  protocols = UNLABELED CIPSOv4 CALIPSO
[    0.724036] NetLabel:  unlabeled traffic allowed by default
[    0.732495] clocksource: Switched to clocksource kvm-clock
[    0.766122] VFS: Disk quotas dquot_6.6.0
[    0.766122] VFS: Dquot-cache hash table entries: 512 (order 0, 4096 bytes)
[    0.766122] AppArmor: AppArmor Filesystem Enabled
[    0.766122] pnp: PnP ACPI init
[    0.766122] pnp: PnP ACPI: found 3 devices
[    0.934234] clocksource: acpi_pm: mask: 0xffffff max_cycles: 0xffffff, max_idle_ns: 2085701024 ns
[    0.936304] NET: Registered protocol family 2
[    0.936304] IP idents hash table entries: 16384 (order: 5, 131072 bytes)
[    0.965248] TCP established hash table entries: 8192 (order: 4, 65536 bytes)
[    0.976862] TCP bind hash table entries: 8192 (order: 5, 131072 bytes)
[    0.988431] TCP: Hash tables configured (established 8192 bind 8192)
[    0.991651] UDP hash table entries: 512 (order: 2, 16384 bytes)
[    0.991651] UDP-Lite hash table entries: 512 (order: 2, 16384 bytes)
[    0.991651] NET: Registered protocol family 1
[    0.991651] pci 0000:00:00.0: Limiting direct PCI/PCI transfers
[    0.991651] pci 0000:00:01.0: Activating ISA DMA hang workarounds
[    0.991651] pci 0000:00:02.0: Video device with shadowed ROM at [mem 0x000c0000-0x000dffff]
[    0.991651] Unpacking initramfs...
[    1.849121] Freeing initrd memory: 20420K
[    1.855524] clocksource: tsc: mask: 0xffffffffffffffff max_cycles: 0x229835b7123, max_idle_ns: 440795242976 ns
[    1.870429] platform rtc_cmos: registered platform RTC device (no PNP device found)
[    1.883118] Scanning for low memory corruption every 60 seconds
[    1.896292] Initialise system trusted keyrings
[    1.905908] Key type blacklist registered
[    1.915121] workingset: timestamp_bits=36 max_order=18 bucket_order=0
[    1.933797] zbud: loaded
[    1.943144] squashfs: version 4.0 (2009/01/31) Phillip Lougher
[    1.956842] fuse init (API version 7.26)
[    2.008005] Key type asymmetric registered
[    2.015128] Asymmetric key parser 'x509' registered
[    2.023750] Block layer SCSI generic (bsg) driver version 0.4 loaded (major 246)
[    2.038794] io scheduler noop registered
[    2.042151] io scheduler deadline registered
[    2.042151] io scheduler cfq registered (default)
[    2.061603] ACPI: AC Adapter [AC] (on-line)
[    2.068878] input: Power Button as /devices/LNXSYSTM:00/LNXPWRBN:00/input/input0
[    2.081762] ACPI: Power Button [PWRF]
[    2.087752] input: Sleep Button as /devices/LNXSYSTM:00/LNXSLPBN:00/input/input1
[    2.098469] ACPI: Sleep Button [SLPF]
[    2.106282] Serial: 8250/16550 driver, 32 ports, IRQ sharing enabled
[    2.108559] ACPI: Battery Slot [BAT0] (battery present)
[    2.151915] 00:02: ttyS0 at I/O 0x3f8 (irq = 4, base_baud = 115200) is a 16550A
[    2.189843] Linux agpgart interface v0.103
[    2.207039] loop: module loaded
[    2.216222] scsi host0: ata_piix
[    2.223224] scsi host1: ata_piix
[    2.227104] ata1: PATA max UDMA/33 cmd 0x1f0 ctl 0x3f6 bmdma 0xd000 irq 14
[    2.227104] ata2: PATA max UDMA/33 cmd 0x170 ctl 0x376 bmdma 0xd008 irq 15
[    2.248001] tun: Universal TUN/TAP device driver, 1.6
[    2.257348] PPP generic driver version 2.4.2
[    2.264725] ehci_hcd: USB 2.0 'Enhanced' Host Controller (EHCI) Driver
[    2.274080] ehci-pci: EHCI PCI platform driver
[    2.280774] ehci-platform: EHCI generic platform driver
[    2.288665] ohci_hcd: USB 1.1 'Open' Host Controller (OHCI) Driver
[    2.297408] ohci-pci: OHCI PCI platform driver
[    2.304063] ohci-platform: OHCI generic platform driver
[    2.311612] uhci_hcd: USB Universal Host Controller Interface driver
[    2.320965] i8042: PNP: PS/2 Controller [PNP0303:PS2K,PNP0f03:PS2M] at 0x60,0x64 irq 1,12
[    2.338071] serio: i8042 KBD port at 0x60,0x64 irq 1
[    2.345290] serio: i8042 AUX port at 0x60,0x64 irq 12
[    2.354859] mousedev: PS/2 mouse device common for all mice
[    2.368214] rtc_cmos rtc_cmos: rtc core: registered rtc_cmos as rtc0
[    2.379759] rtc_cmos rtc_cmos: alarms up to one day, 114 bytes nvram
[    2.390230] i2c /dev entries driver
[    2.396926] device-mapper: uevent: version 1.0.3
[    2.404833] input: AT Translated Set 2 keyboard as /devices/platform/i8042/serio0/input/input2
[    2.420268] device-mapper: ioctl: 4.37.0-ioctl (2017-09-20) initialised: dm-devel@redhat.com
[    2.452471] ledtrig-cpu: registered to indicate activity on CPUs
[    2.466084] NET: Registered protocol family 10
[    2.481741] Segment Routing with IPv6
[    2.488078] NET: Registered protocol family 17
[    2.496762] Key type dns_resolver registered
[    2.505522] mce: Using 0 MCE banks
[    2.511302] RAS: Correctable Errors collector initialized.
[    2.519861] sched_clock: Marking stable (2519785052, 0)->(4165681737, -1645896685)
[    2.540664] registered taskstats version 1
[    2.547739] Loading compiled-in X.509 certificates
[    2.563749] Loaded X.509 cert 'Build time autogenerated kernel key: 4d405f87ce750406625b929cd2e51cc76ab5bcf4'
[    2.580009] Loaded X.509 cert 'Canonical Ltd. Live Patch Signing: 14df34d1a87cf37625abec039ef2bf521249b969'
[    2.595260] Loaded X.509 cert 'Canonical Ltd. Kernel Module Signing: 88f752e560a1e0737e31163a466ad7b70a850c19'
[    2.610178] blacklist: Loading compiled-in revocation X.509 certificates
[    2.620328] Loaded X.509 cert 'Canonical Ltd. Secure Boot Signing: 61482aa2830d0ab2ad5af10b7250da9033ddcef0'
[    2.635447] Loaded X.509 cert 'Canonical Ltd. Secure Boot Signing (2017): 242ade75ac4a15e50d50c84b0d45ff3eae707a03'
[    2.652566] Loaded X.509 cert 'Canonical Ltd. Secure Boot Signing (ESM 2018): 365188c1d374d6b07c3c8f240f8ef722433d6a8b'
[    2.668814] Loaded X.509 cert 'Canonical Ltd. Secure Boot Signing (2019): c0746fd6c5da3ae827864651ad66ae47fe24b3e8'
[    2.685641] Loaded X.509 cert 'Canonical Ltd. Secure Boot Signing (2021 v1): a8d54bbb3825cfb94fa13c9f8a594a195c107b8d'
[    2.702584] Loaded X.509 cert 'Canonical Ltd. Secure Boot Signing (2021 v2): 4cf046892d6fd3c9a5b03f98d845f90851dc6a8c'
[    2.719847] Loaded X.509 cert 'Canonical Ltd. Secure Boot Signing (2021 v3): 100437bb6de6e469b581e61cd66bce3ef4ed53af'
[    2.735759] Loaded X.509 cert 'Canonical Ltd. Secure Boot Signing (Ubuntu Core 2019): c1d57b8f6b743f23ee41f4f7ee292f06eecadfb9'
[    2.753745] zswap: loaded using pool lzo/zbud
[    2.777772] Key type big_key registered
[    2.785121] Key type trusted registered
[    2.797932] Key type encrypted registered
[    2.805559] AppArmor: AppArmor sha1 policy hashing enabled
[    2.814439] ima: No TPM chip found, activating TPM-bypass! (rc=-19)
[    2.825045] ima: Allocated hash algorithm: sha1
[    2.832859] evm: HMAC attrs: 0x1
[    2.839971]   Magic number: 3:372:159
[    2.847892] rtc_cmos rtc_cmos: setting system clock to 2023-08-19 03:10:02 UTC (1692414602)
[    2.861344] BIOS EDD facility v0.16 2004-Jun-25, 0 devices found
[    2.871431] EDD information not available.
[    2.883397] Freeing unused kernel image memory: 2480K
[    2.904919] Write protecting the kernel read-only data: 20480k
[    2.920779] Freeing unused kernel image memory: 2008K
[    2.929562] Freeing unused kernel image memory: 1820K
[    2.947233] x86/mm: Checked W+X mappings: passed, no W+X pages found.
[    2.958289] x86/mm: Checking user space page tables
[    2.973260] x86/mm: Checked W+X mappings: passed, no W+X pages found.
Loading, please wait...
starting version 237
[    3.181626] e1000: Intel(R) PRO/1000 Network Driver - version 7.3.21-k8-NAPI
[    3.194633] e1000: Copyright (c) 1999-2006 Intel Corporation.
[    3.253954] Fusion MPT base driver 3.04.20
[    3.260623] Copyright (c) 1999-2008 LSI Corporation
[    3.346059] Fusion MPT SPI Host driver 3.04.20
[    3.373627] SSE version of gcm_enc/dec engaged.
[    3.387446] vboxvideo: loading out-of-tree module taints kernel.
[    3.396765] vboxvideo: module verification failed: signature and/or required key missing - tainting kernel
[    3.415381] vboxvideo: loading version 7.0.6 r155176
[    3.542340] input: ImExPS/2 Generic Explorer Mouse as /devices/platform/i8042/serio1/input/input4
[    4.318473] e1000 0000:00:03.0 eth0: (PCI:33MHz:32-bit) 02:df:c2:d4:51:e3
[    4.329414] e1000 0000:00:03.0 eth0: Intel(R) PRO/1000 Network Connection
[    5.313637] e1000 0000:00:08.0 eth1: (PCI:33MHz:32-bit) 08:00:27:0f:8b:26
[    5.323135] e1000 0000:00:08.0 eth1: Intel(R) PRO/1000 Network Connection
[    5.342559] e1000 0000:00:03.0 enp0s3: renamed from eth0
[    5.365391] mptbase: ioc0: Initiating bringup
[    5.374661] e1000 0000:00:08.0 enp0s8: renamed from eth1
[    5.503886] ioc0: LSI53C1030 A0: Capabilities={Initiator}
[    5.794172] scsi host2: ioc0: LSI53C1030 A0, FwRev=00000000h, Ports=1, MaxQ=256, IRQ=20
[    5.979210] [drm] VRAM 01000000
[    5.979263] scsi 2:0:0:0: Direct-Access     VBOX     HARDDISK         1.0  PQ: 0 ANSI: 5
[    5.991837] [TTM] Zone  kernel: Available graphics memory: 504258 kiB
[    6.014296] [TTM] Initializing pool allocator
[    6.021917] [TTM] Initializing DMA pool allocator
[    6.054348] fbcon: vboxdrmfb (fb0) is primary device
[    6.060508] scsi target2:0:0: Beginning Domain Validation
[    6.068639] scsi target2:0:0: Domain Validation skipping write tests
[    6.068641] scsi target2:0:0: Ending Domain Validation
[    6.069195] scsi target2:0:0: asynchronous
[    6.072060] scsi 2:0:1:0: Direct-Access     VBOX     HARDDISK         1.0  PQ: 0 ANSI: 5
[    6.083820] Console: switching to colour frame buffer device 100x37
[    6.148310] vboxvideo 0000:00:02.0: fb0: vboxdrmfb frame buffer device
[    6.152777] scsi target2:0:1: Beginning Domain Validation
[    6.164869] [drm] Initialized vboxvideo 1.0.0 20130823 for 0000:00:02.0 on minor 0
[    6.168538] scsi target2:0:1: Domain Validation skipping write tests
[    6.178409] scsi target2:0:1: Ending Domain Validation
[    6.183478] scsi target2:0:1: asynchronous
[    6.212750] sd 2:0:0:0: Attached scsi generic sg0 type 0
[    6.225509] sd 2:0:1:0: Attached scsi generic sg1 type 0
[    6.225638] sd 2:0:0:0: [sda] 83886080 512-byte logical blocks: (42.9 GB/40.0 GiB)
[    6.250926] sd 2:0:0:0: [sda] Write Protect is off
[    6.251821] sd 2:0:1:0: [sdb] 20480 512-byte logical blocks: (10.5 MB/10.0 MiB)
[    6.276922] sd 2:0:1:0: [sdb] Write Protect is off
[    6.277036] sd 2:0:0:0: [sda] Incomplete mode parameter data
[    6.300980] sd 2:0:0:0: [sda] Assuming drive cache: write through
[    6.316811] sd 2:0:1:0: [sdb] Incomplete mode parameter data
[    6.330534] sd 2:0:1:0: [sdb] Assuming drive cache: write through
[    6.371373]  sda: sda1
[    6.387152] sd 2:0:0:0: [sda] Attached SCSI disk
[    6.413334] sd 2:0:1:0: [sdb] Attached SCSI disk
Begin: Loading essential drivers ... [    6.848636] raid6: sse2x1   gen()  6449 MB/s
[    6.908069] raid6: sse2x1   xor()  5520 MB/s
[    6.968628] raid6: sse2x2   gen()  9320 MB/s
[    7.028172] raid6: sse2x2   xor()  6425 MB/s
[    7.088718] raid6: sse2x4   gen() 10929 MB/s
[    7.148285] raid6: sse2x4   xor()  6896 MB/s
[    7.161354] raid6: using algorithm sse2x4 gen() 10929 MB/s
[    7.176167] raid6: .... xor() 6896 MB/s, rmw enabled
[    7.190626] raid6: using ssse3x2 recovery algorithm
[    7.209454] xor: measuring software checksum speed
[ 1554.640091] INFO: rcu_sched detected stalls on CPUs/tasks:
[ 1554.665112] 	1-...!: (4 ticks this GP) idle=706/140000000000000/0 softirq=1285/1285 fqs=0 
[ 1554.698610] 	(detected by 0, t=386853 jiffies, g=-68, c=-69, q=15)
[ 1554.723834] Sending NMI from CPU 0 to CPUs 1:
[ 1565.018193] rcu_sched kthread starved for 386853 jiffies! g18446744073709551548 c18446744073709551547 f0x0 RCU_GP_WAIT_FQS(3) ->state=0x402 ->cpu=0
[ 1565.054924] rcu_sched       I    0     8      2 0x80000000
[ 1565.073162] Call Trace:
[ 1565.088288]  __schedule+0x24e/0x890
[ 1565.102601]  schedule+0x2c/0x80
[ 1565.116748]  schedule_timeout+0x15d/0x370
[ 1565.131845]  ? __next_timer_interrupt+0xe0/0xe0
[ 1565.146574]  rcu_gp_kthread+0x53a/0x980
[ 1565.161103]  kthread+0x121/0x140
[ 1565.177001]  ? rcu_note_context_switch+0x150/0x150
[ 1565.192499]  ? kthread_create_worker_on_cpu+0x70/0x70
[ 1565.207686]  ret_from_fork+0x35/0x40
[13371.596460] INFO: rcu_sched detected stalls on CPUs/tasks:
[13372.080318] watchdog: BUG: soft lockup - CPU#1 stuck for 11006s! [modprobe:277]
[13372.080425] Modules linked in:
[13372.099980] 	1-...!: (983 ticks this GP) idle=706/140000000000001/0 softirq=1285/1285 fqs=1 
[13372.133557] 	(detected by 0, t=592313 jiffies, g=-68, c=-69, q=24)
[13372.152572] Sending NMI from CPU 0 to CPUs 1:
[13377.567328]  xor(+)
[13377.567932] NMI backtrace for cpu 1
[13377.567934] CPU: 1 PID: 277 Comm: modprobe Tainted: G           OE    4.15.0-206-generic #217-Ubuntu
[13377.567935] Hardware name: innotek GmbH VirtualBox/VirtualBox, BIOS VirtualBox 12/01/2006
[13377.567935] RIP: 0010:print_modules+0x29/0xc0
[13377.567936] RSP: 0018:ffff99ab3fd03eb8 EFLAGS: 00010086
[13377.567937] RAX: 0000000000000012 RBX: 0000000000002afe RCX: 0000000000000000
[13377.567938] RDX: 0000000000000000 RSI: ffffffffb496ac34 RDI: 0000000000000046
[13377.567939] RBP: ffff99ab3fd03ee0 R08: 00000e98225e1ac1 R09: ffffffffb496ac22
[13377.567939] R10: 0000000000000000 R11: 00000000000001cc R12: ffff99ab39be8000
[13377.567940] R13: ffffb20500453b08 R14: 0000000000000000 R15: 00000000ee6b2800
[13377.567941] FS:  00007fdd9d696540(0000) GS:ffff99ab3fd00000(0000) knlGS:0000000000000000
[13377.567942] CS:  0010 DS: 0000 ES: 0000 CR0: 0000000080050033
[13377.567942] CR2: 00005617d6597ec8 CR3: 0000000036032006 CR4: 00000000000206e0
[13377.567943] Call Trace:
[13377.567943]  <IRQ>
[13377.567944]  watchdog_timer_fn+0x1ce/0x230
[13377.567944]  ? watchdog+0x30/0x30
[13377.567945]  __hrtimer_run_queues+0xdf/0x230
[13377.567945]  hrtimer_interrupt+0xa0/0x1d0
[13377.567948]  smp_apic_timer_interrupt+0x6f/0x140
[13377.567949]  apic_timer_interrupt+0x90/0xa0
[13377.567949]  </IRQ>
[13377.567950] RIP: 0010:kernel_fpu_enable+0x0/0x30
[13377.567950] RSP: 0018:ffffb20500453bb8 EFLAGS: 00010202 ORIG_RAX: ffffffffffffff11
[13377.567951] RAX: 0000000000000000 RBX: 0000000000000010 RCX: ffff99ab39be8000
[13377.567952] RDX: ffff99ab367c4000 RSI: ffff99ab367c1000 RDI: ffff99ab39be93c0
[13377.567991] RBP: ffffb20500453bd0 R08: ffffffffc0515680 R09: 0000000000aaaaaa
[13377.567993] R10: 0000000000000001 R11: 00000000ffffffff R12: ffff99ab367c0000
[13377.567993] R13: ffff99ab367c3000 R14: 0000000000000003 R15: 000000010004d393
[13377.567994]  ? xor_sse_3_pf64+0x260/0x260 [xor]
[13377.567994]  ? __kernel_fpu_end+0x33/0x80
[13377.567995]  kernel_fpu_end+0xe/0x10
[13377.567995]  xor_sse_2_pf64+0x199/0x1a0 [xor]
[13377.567996]  do_xor_speed+0x7d/0xc9 [xor]
[13377.567996]  calibrate_xor_blocks+0xc3/0xf37 [xor]
[13377.567997]  ? do_xor_speed+0xc9/0xc9 [xor]
[13377.567997]  do_one_initcall+0x52/0x1a0
[13377.567997]  ? _cond_resched+0x19/0x40
[13377.568000]  ? kmem_cache_alloc_trace+0x167/0x1d0
[13377.568001]  ? do_init_module+0x27/0x1f2
[13377.568001]  do_init_module+0x4f/0x1f2
[13377.568002]  load_module+0x1772/0x2000
[13377.568002]  ? ima_post_read_file+0x96/0xa0
[13377.568003]  SYSC_finit_module+0xfc/0x120
[13377.568003]  ? SYSC_finit_module+0xfc/0x120
[13377.568004]  SyS_finit_module+0xe/0x10
[13377.568004]  do_syscall_64+0x73/0x130
[13377.568005]  entry_SYSCALL_64_after_hwframe+0x59/0xbe
[13377.568006] RIP: 0033:0x7fdd9d19a539
[13377.568006] RSP: 002b:00007ffd079c80c8 EFLAGS: 00000246 ORIG_RAX: 0000000000000139
[13377.568008] RAX: ffffffffffffffda RBX: 000055f3890b4620 RCX: 00007fdd9d19a539
[13377.568008] RDX: 0000000000000000 RSI: 000055f388939cee RDI: 0000000000000005
[13377.568009] RBP: 000055f388939cee R08: 0000000000000000 R09: 000055f3890b3d20
[13377.568010] R10: 0000000000000005 R11: 0000000000000246 R12: 0000000000000000
[13377.568010] R13: 000055f3890bb4f0 R14: 0000000000060000 R15: 000055f3890b3d20
[13377.568011] Code: 00 00 0f 1f 44 00 00 55 48 c7 c7 5d d3 0d b4 48 89 e5 53 48 83 ec 20 65 48 8b 04 25 28 00 00 00 48 89 45 f0 31 c0 e8 99 c8 88 00 <48> 8b 05 00 ca 3b 01 48 3d f0 ad 4e b4 74 19 48 8d 58 f8 83 3b 
[13377.568029] INFO: NMI handler (nmi_cpu_backtrace_handler) took too long to run: 4121.515 msecs
[13377.568038] rcu_sched kthread starved for 202813 jiffies! g18446744073709551548 c18446744073709551547 f0x0 RCU_GP_WAIT_FQS(3) ->state=0x402 ->cpu=0
[13377.605853]  raid6_pq libcrc32c raid1 raid0 multipath linear crct10dif_pclmul crc32_pclmul ghash_clmulni_intel pcbc vboxvideo(OE) drm_kms_helper syscopyarea sysfillrect
[13378.664982] rcu_sched       I    0     8      2 0x80000000
[13378.722188] Call Trace:
[13378.736848]  __schedule+0x24e/0x890
[13378.752529]  schedule+0x2c/0x80
[13378.768118]  schedule_timeout+0x15d/0x370
[13378.783784]  ? __next_timer_interrupt+0xe0/0xe0
[13378.800838]  rcu_gp_kthread+0x53a/0x980
[13378.810018]  sysimgblt
[13378.816793]  kthread+0x121/0x140
[13378.847260]  ? rcu_note_context_switch+0x150/0x150
[13378.864274]  ? kthread_create_worker_on_cpu+0x70/0x70
[13378.871787]  fb_sys_fops ttm aesni_intel mptspi scsi_transport_spi mptscsih
[13378.881990]  ret_from_fork+0x35/0x40
[13378.904541]  aes_x86_64 crypto_simd
[13378.917654] INFO: rcu_sched detected stalls on CPUs/tasks:
[13378.927856]  glue_helper
[13378.954164]  cryptd drm mptbase psmouse e1000
[13378.969859] 	1-...!: (983 ticks this GP) idle=706/140000000000001/0 softirq=1285/1285 fqs=1 
[13378.988860] CPU: 1 PID: 277 Comm: modprobe Tainted: G           OE    4.15.0-206-generic #217-Ubuntu
[13379.010621] 	(detected by 0, t=3342923 jiffies, g=-68, c=-69, q=24)
[13379.049868] Hardware name: innotek GmbH VirtualBox/VirtualBox, BIOS VirtualBox 12/01/2006
[13379.069711] Sending NMI from CPU 0 to CPUs 1:
[13379.095137] RIP: 0010:kernel_fpu_enable+0x0/0x30
[13379.095140] RSP: 0018:ffffb20500453bb8 EFLAGS: 00010202 ORIG_RAX: ffffffffffffff11
[13379.652343] NMI backtrace for cpu 1
[13379.652414] CPU: 1 PID: 277 Comm: modprobe Tainted: G           OE    4.15.0-206-generic #217-Ubuntu
[13379.652416] Hardware name: innotek GmbH VirtualBox/VirtualBox, BIOS VirtualBox 12/01/2006
[13379.652416] RIP: 0010:io_serial_out+0x1a/0x20
[13379.652417] RSP: 0018:ffff99ab3fd03c08 EFLAGS: 00010002
[13379.652461] RAX: 0000000000000031 RBX: ffffffffb4b16e60 RCX: 0000000000000000
[13379.652528] RDX: 00000000000003f8 RSI: 0000000000000000 RDI: ffffffffb4b16e60
[13379.652530] RBP: ffff99ab3fd03c08 R08: 0000000000000000 R09: 0000000000000007
[13379.652570] R10: 0000000000000000 R11: ffffffffb496a80d R12: 0000000000000031
[13379.652571] R13: ffffffffb496a834 R14: ffffffffb496a802 R15: ffffffffb4b16e60
[13379.652572] FS:  00007fdd9d696540(0000) GS:ffff99ab3fd00000(0000) knlGS:0000000000000000
[13379.652573] CS:  0010 DS: 0000 ES: 0000 CR0: 0000000080050033
[13379.652573] CR2: 00005617d6597ec8 CR3: 0000000036032006 CR4: 00000000000206e0
[13379.652574] Call Trace:
[13379.652574]  <IRQ>
[13379.652575]  serial8250_console_putchar+0x2d/0x40
[13379.652575]  ? wait_for_xmitr+0xb0/0xb0
[13379.652576]  uart_console_write+0x4c/0x60
[13379.652576]  serial8250_console_write+0x10a/0x2a0
[13379.652577]  ? msg_print_text+0x80/0x100
[13379.652577]  univ8250_console_write+0x21/0x30
[13379.652579]  console_unlock+0x3cf/0x560
[13379.652579]  vprintk_emit+0x134/0x2c0
[13379.652580]  vprintk_default+0x29/0x50
[13379.652580]  vprintk_func+0x47/0xc0
[13379.652581]  ? printk+0x52/0x6e
[13379.652581]  printk+0x52/0x6e
[13379.652582]  __show_regs+0x3b/0x270
[13379.652582]  show_regs+0x41/0x190
[13379.652583]  watchdog_timer_fn+0x1db/0x230
[13379.652583]  ? watchdog+0x30/0x30
[13379.652584]  __hrtimer_run_queues+0xdf/0x230
[13379.652584]  hrtimer_interrupt+0xa0/0x1d0
[13379.652585]  smp_apic_timer_interrupt+0x6f/0x140
[13379.652586]  apic_timer_interrupt+0x90/0xa0
[13379.652586]  </IRQ>
[13379.652586] RIP: 0010:kernel_fpu_enable+0x0/0x30
[13379.652587] RSP: 0018:ffffb20500453bb8 EFLAGS: 00010202 ORIG_RAX: ffffffffffffff11
[13379.652588] RAX: 0000000000000000 RBX: 0000000000000010 RCX: ffff99ab39be8000
[13379.652589] RDX: ffff99ab367c4000 RSI: ffff99ab367c1000 RDI: ffff99ab39be93c0
[13379.652589] RBP: ffffb20500453bd0 R08: ffffffffc0515680 R09: 0000000000aaaaaa
[13379.652590] R10: 0000000000000001 R11: 00000000ffffffff R12: ffff99ab367c0000
[13379.652590] R13: ffff99ab367c3000 R14: 0000000000000003 R15: 000000010004d393
[13379.652592]  ? xor_sse_3_pf64+0x260/0x260 [xor]
[13379.652592]  ? __kernel_fpu_end+0x33/0x80
[13379.652593]  kernel_fpu_end+0xe/0x10
[13379.652594]  xor_sse_2_pf64+0x199/0x1a0 [xor]
[13379.652594]  do_xor_speed+0x7d/0xc9 [xor]
[13379.652595]  calibrate_xor_blocks+0xc3/0xf37 [xor]
[13379.652595]  ? do_xor_speed+0xc9/0xc9 [xor]
[13379.652596]  do_one_initcall+0x52/0x1a0
[13379.652596]  ? _cond_resched+0x19/0x40
[13379.652596]  ? kmem_cache_alloc_trace+0x167/0x1d0
[13379.652597]  ? do_init_module+0x27/0x1f2
[13379.652597]  do_init_module+0x4f/0x1f2
[13379.652598]  load_module+0x1772/0x2000
[13379.652601]  ? ima_post_read_file+0x96/0xa0
[13379.652602]  SYSC_finit_module+0xfc/0x120
[13379.652602]  ? SYSC_finit_module+0xfc/0x120
[13379.652603]  SyS_finit_module+0xe/0x10
[13379.652603]  do_syscall_64+0x73/0x130
[13379.652604]  entry_SYSCALL_64_after_hwframe+0x59/0xbe
[13379.652604] RIP: 0033:0x7fdd9d19a539
[13379.652605] RSP: 002b:00007ffd079c80c8 EFLAGS: 00000246 ORIG_RAX: 0000000000000139
[13379.652606] RAX: ffffffffffffffda RBX: 000055f3890b4620 RCX: 00007fdd9d19a539
[13379.652607] RDX: 0000000000000000 RSI: 000055f388939cee RDI: 0000000000000005
[13379.652607] RBP: 000055f388939cee R08: 0000000000000000 R09: 000055f3890b3d20
[13379.652608] R10: 0000000000000005 R11: 0000000000000246 R12: 0000000000000000
[13379.652609] R13: 000055f3890bb4f0 R14: 0000000000060000 R15: 000055f3890b3d20
[13379.652609] Code: 55 48 89 e5 d3 e6 01 f2 ec 0f b6 c0 5d c3 0f 1f 00 0f 1f 44 00 00 0f b6 8f a1 00 00 00 89 d0 8b 57 08 55 48 89 e5 d3 e6 01 f2 ee <5d> c3 0f 1f 40 00 0f 1f 44 00 00 0f b6 87 a2 00 00 00 55 48 c7 
[13379.652761] rcu_sched kthread starved for 2953423 jiffies! g18446744073709551548 c18446744073709551547 f0x2 RCU_GP_WAIT_FQS(3) ->state=0x0 ->cpu=0
[13379.670741] RAX: 0000000000000000 RBX: 0000000000000010 RCX: ffff99ab39be8000
[13379.703460] rcu_sched       R  running task        0     8      2 0x80000000
[13379.727962] RDX: ffff99ab367c4000 RSI: ffff99ab367c1000 RDI: ffff99ab39be93c0
[13379.780997] Call Trace:
[13379.815950] RBP: ffffb20500453bd0 R08: ffffffffc0515680 R09: 0000000000aaaaaa
[13379.849591]  __schedule+0x24e/0x890
[13379.877149] R10: 0000000000000001 R11: 00000000ffffffff R12: ffff99ab367c0000
[13379.909612]  schedule+0x2c/0x80
[13379.938803] R13: ffff99ab367c3000 R14: 0000000000000003 R15: 000000010004d393
[13379.978998]  schedule_timeout+0x15d/0x370
[13379.979003]  ? __next_timer_interrupt+0xe0/0xe0
[13379.979006]  rcu_gp_kthread+0x53a/0x980
[13379.979010]  kthread+0x121/0x140
[13379.979011]  ? rcu_note_context_switch+0x150/0x150
[13379.979014]  ? kthread_create_worker_on_cpu+0x70/0x70
[13379.979016]  ret_from_fork+0x35/0x40
[13381.832033] FS:  00007fdd9d696540(0000) GS:ffff99ab3fd00000(0000) knlGS:0000000000000000
[13381.861514] CS:  0010 DS: 0000 ES: 0000 CR0: 0000000080050033
[13381.889641] CR2: 00005617d6597ec8 CR3: 0000000036032006 CR4: 00000000000206e0
[13381.918493] Call Trace:
[13381.945471]  ? __kernel_fpu_end+0x33/0x80
[13381.977189]  kernel_fpu_end+0xe/0x10
[13382.008699]  xor_sse_2_pf64+0x199/0x1a0 [xor]
[13382.030796]  do_xor_speed+0x7d/0xc9 [xor]
[13382.049185]  calibrate_xor_blocks+0xc3/0xf37 [xor]
[13382.067983]  ? do_xor_speed+0xc9/0xc9 [xor]
[13382.086533]  do_one_initcall+0x52/0x1a0
[13382.105640]  ? _cond_resched+0x19/0x40
[13382.124050]  ? kmem_cache_alloc_trace+0x167/0x1d0
[13382.142941]  ? do_init_module+0x27/0x1f2
[13382.160766]  do_init_module+0x4f/0x1f2
[13382.178384]  load_module+0x1772/0x2000
[13382.196622]  ? ima_post_read_file+0x96/0xa0
[13382.213553]  SYSC_finit_module+0xfc/0x120
[13382.232026]  ? SYSC_finit_module+0xfc/0x120
[13382.249802]  SyS_finit_module+0xe/0x10
[13382.267900]  do_syscall_64+0x73/0x130
[13382.283494]  entry_SYSCALL_64_after_hwframe+0x59/0xbe
[13382.300380] RIP: 0033:0x7fdd9d19a539
[13382.316004] RSP: 002b:00007ffd079c80c8 EFLAGS: 00000246 ORIG_RAX: 0000000000000139
[13382.334779] RAX: ffffffffffffffda RBX: 000055f3890b4620 RCX: 00007fdd9d19a539
[13382.353247] RDX: 0000000000000000 RSI: 000055f388939cee RDI: 0000000000000005
[13382.372074] RBP: 000055f388939cee R08: 0000000000000000 R09: 000055f3890b3d20
[13382.390547] R10: 0000000000000005 R11: 0000000000000246 R12: 0000000000000000
[13382.411373] R13: 000055f3890bb4f0 R14: 0000000000060000 R15: 000055f3890b3d20
[13382.429402] Code: db 74 b9 0f 0b eb b5 48 0f ae 83 c0 13 00 00 eb ab 0f 0b eb db 66 0f 1f 44 00 00 0f 1f 44 00 00 55 48 89 e5 e8 42 ff ff ff 5d c3 <0f> 1f 44 00 00 55 48 89 e5 65 8a 05 48 0c fe 4c 84 c0 74 0a 65 
[13382.516833]    prefetch64-sse: 570533.520 MB/sec
[13382.634881]    generic_sse: 20261.000 MB/sec
[13382.651215] xor: using function: prefetch64-sse (570533.520 MB/sec)
[13392.028744] async_tx: api initialized (async)
done.
Begin: Running /scripts/init-premount ... done.
Begin: Mounting root file system ... Begin: Running /scripts/local-top ... done.
Begin: Running /scripts/local-premount ... [13396.843120] Btrfs loaded, crc32c=crc32c-intel
Scanning for Btrfs filesystems
done.
Begin: Will now check root file system ... fsck from util-linux 2.31.1
[/sbin/fsck.ext4 (1) -- /dev/sda1] fsck.ext4 -a -C0 /dev/sda1 
cloudimg-rootfs: clean, 74381/5120000 files, 737500/10485499 blocks
done.
[13404.559603] EXT4-fs (sda1): mounted filesystem with ordered data mode. Opts: (null)
done.
Begin: Running /scripts/local-bottom ... done.
Begin: Running /scripts/init-bottom ... done.
[13431.687198] ip_tables: (C) 2000-2006 Netfilter Core Team
[13433.019080] systemd[1]: systemd 237 running in system mode. (+PAM +AUDIT +SELINUX +IMA +APPARMOR +SMACK +SYSVINIT +UTMP +LIBCRYPTSETUP +GCRYPT +GNUTLS +ACL +XZ +LZ4 +SECCOMP +BLKID +ELFUTILS +KMOD -IDN2 +IDN -PCRE2 default-hierarchy=hybrid)
[13433.176546] systemd[1]: Detected virtualization oracle.
[13433.194340] systemd[1]: Detected architecture x86-64.

Welcome to [1mUbuntu 18.04.6 LTS[0m!

[13433.509568] systemd[1]: Set hostname to <web01>.
[13450.782562] systemd[1]: Created slice System Slice.
[[0;32m  OK  [0m] Created slice System Slice.
[13450.810029] systemd[1]: Listening on /dev/initctl Compatibility Named Pipe.
[[0;32m  OK  [0m] Listening on /dev/initctl Compatibility Named Pipe.
[13450.839031] systemd[1]: Listening on Syslog Socket.
[[0;32m  OK  [0m] Listening on Syslog Socket.
[13450.865386] systemd[1]: Listening on LVM2 metadata daemon socket.
[[0;32m  OK  [0m] Listening on LVM2 metadata daemon socket.
[13450.891934] systemd[1]: Listening on Journal Socket (/dev/log).
[[0;32m  OK  [0m] Listening on Journal Socket (/dev/log).
[13450.921052] systemd[1]: Set up automount Arbitrary Executable File Formats File System Automount Point.
[[0;32m  OK  [0m] Set up automount Arbitrary Executab…rmats File System Automount Point.
[13450.970959] systemd[1]: Listening on Device-mapper event daemon FIFOs.
[[0;32m  OK  [0m] Listening on Device-mapper event daemon FIFOs.
[13450.998787] systemd[1]: Listening on Network Service Netlink Socket.
[[0;32m  OK  [0m] Listening on Network Service Netlink Socket.
[13451.027850] systemd[1]: Listening on udev Control Socket.
[[0;32m  OK  [0m] Listening on udev Control Socket.
[13451.059820] systemd[1]: Created slice system-serial\x2dgetty.slice.
[[0;32m  OK  [0m] Created slice system-serial\x2dgetty.slice.
[[0;32m  OK  [0m] Listening on Journal Socket.
         Mounting POSIX Message Queue File System...
         Mounting Huge Pages File System...
         Starting Set the console keyboard layout...
         Starting Load Kernel Modules...
         Starting Create list of required st…ce nodes for the current kernel...
[[0;32m  OK  [0m] Listening on LVM2 poll daemon socket.
[[0;32m  OK  [0m] Reached target Mounting snaps.
[[0;32m  OK  [0m] Reached target Mounted snaps.
[[0;32m  OK  [0m] Listening on udev Kernel Socket.
         Starting udev Coldplug all Devices...
[[0;32m  OK  [0m] Reached target Swap.
[[0;32m  OK  [0m] Started Forward Password Requests to Wall Directory Watch.
[[0;32m  OK  [0m] Created slice User and Session Slice.
[[0;32m  OK  [0m] Reached target Slices.
[[0;32m  OK  [0m] Listening on fsck to fsckd communication Socket.
         Starting Remount Root and Kernel File Systems...
         Mounting Kernel Debug File System...
         Starting Monitoring of LVM2 mirrors…ng dmeventd or progress polling...
[[0;32m  OK  [0m] Reached target User and Group Name Lookups.
[[0;32m  OK  [0m] Reached target System Time Synchronized.
[[0;32m  OK  [0m] Listening on Journal Audit Socket.
         Starting Journal Service...
         Starting Uncomplicated firewall...
[[0;32m  OK  [0m] Mounted POSIX Message Queue File System.
[[0;32m  OK  [0m] Mounted Huge Pages File System.
[[0;32m  OK  [0m] Mounted Kernel Debug File System.
[[0;32m  OK  [0m] Started udev Coldplug all Devices.
[[0;32m  OK  [0m] Started Uncomplicated firewall.
[[0;32m  OK  [0m] Started Create list of required sta…vice nodes for the current kernel.
         Starting Create Static Device Nodes in /dev...
[13452.826985] Loading iSCSI transport class v2.0-870.
[13452.849798] EXT4-fs (sda1): re-mounted. Opts: (null)
[[0;32m  OK  [0m] Started Remount Root and Kernel File Systems.
[13453.391226] iscsi: registered transport (tcp)
         Starting Load/Save Random Seed...
[[0;32m  OK  [0m] Started Journal Service.
         Starting Flush Journal to Persistent Storage...
[13453.984735] systemd-journald[416]: Received request to flush runtime journal from PID 1
[[0;32m  OK  [0m] Started Load/Save Random Seed.
[13455.933487] iscsi: registered transport (iser)
[[0;32m  OK  [0m] Started Load Kernel Modules.
         Mounting FUSE Control File System...
         Mounting Kernel Configuration File System...
         Starting Apply Kernel Variables...
[[0;32m  OK  [0m] Mounted FUSE Control File System.
[[0;32m  OK  [0m] Mounted Kernel Configuration File System.
[[0;32m  OK  [0m] Started LVM2 metadata daemon.
[[0;32m  OK  [0m] Started Create Static Device Nodes in /dev.
         Starting udev Kernel Device Manager...
[[0;32m  OK  [0m] Started Monitoring of LVM2 mirrors,…sing dmeventd or progress polling.
[[0;32m  OK  [0m] Started Apply Kernel Variables.
[[0;32m  OK  [0m] Started Flush Journal to Persistent Storage.
[[0;32m  OK  [0m] Started udev Kernel Device Manager.
[[0;32m  OK  [0m] Found device /dev/ttyS0.
[[0;32m  OK  [0m] Listening on Load/Save RF Kill Switch Status /dev/rfkill Watch.
[[0;32m  OK  [0m] Started Set the console keyboard layout.
[[0;32m  OK  [0m] Started Dispatch Password Requests to Console Directory Watch.
[[0;32m  OK  [0m] Reached target Local Encrypted Volumes.
[[0;32m  OK  [0m] Reached target Local File Systems (Pre).
[[0;32m  OK  [0m] Reached target Local File Systems.
         Starting AppArmor initialization...
         Starting ebtables ruleset management...
         Starting Create Volatile Files and Directories...
         Starting Set console font and keymap...
         Starting Tell Plymouth To Write Out Runtime Data...
[[0;32m  OK  [0m] Started Set console font and keymap.
[[0;32m  OK  [0m] Started Tell Plymouth To Write Out Runtime Data.
[[0;32m  OK  [0m] Started Create Volatile Files and Directories.
         Starting Update UTMP about System Boot/Shutdown...
[[0;32m  OK  [0m] Started Update UTMP about System Boot/Shutdown.
[[0;32m  OK  [0m] Started ebtables ruleset management.
         Mounting Arbitrary Executable File Formats File System...
[[0;32m  OK  [0m] Mounted Arbitrary Executable File Formats File System.
[[0;32m  OK  [0m] Started AppArmor initialization.
         Starting Load AppArmor profiles managed internally by snapd...
         Starting Initial cloud-init job (pre-networking)...
[[0;32m  OK  [0m] Started Load AppArmor profiles managed internally by snapd.
[13485.706459] cloud-init[639]: Cloud-init v. 22.4.2-0ubuntu0~18.04.1 running 'init-local' at Sat, 19 Aug 2023 06:54:44 +0000. Up 13484.76 seconds.
[[0;32m  OK  [0m] Started Initial cloud-init job (pre-networking).
[[0;32m  OK  [0m] Reached target Network (Pre).
         Starting Network Service...
[[0;32m  OK  [0m] Started Network Service.
         Starting Network Name Resolution...
         Starting Wait for Network to be Configured...
[[0;32m  OK  [0m] Started Network Name Resolution.
[[0;32m  OK  [0m] Reached target Host and Network Name Lookups.
[[0;32m  OK  [0m] Reached target Network.
[[0;32m  OK  [0m] Started Wait for Network to be Configured.
         Starting Initial cloud-init job (metadata service crawler)...
[13489.767213] cloud-init[753]: Cloud-init v. 22.4.2-0ubuntu0~18.04.1 running 'init' at Sat, 19 Aug 2023 06:54:49 +0000. Up 13489.39 seconds.
[13489.775725] cloud-init[753]: ci-info: ++++++++++++++++++++++++++++++++++++++Net device info+++++++++++++++++++++++++++++++++++++++
[13489.783828] cloud-init[753]: ci-info: +--------+------+-----------------------------+---------------+--------+-------------------+
[13489.791072] cloud-init[753]: ci-info: | Device |  Up  |           Address           |      Mask     | Scope  |     Hw-Address    |
[13489.798142] cloud-init[753]: ci-info: +--------+------+-----------------------------+---------------+--------+-------------------+
[13489.806051] cloud-init[753]: ci-info: | enp0s3 | True |          10.0.2.15          | 255.255.255.0 | global | 02:df:c2:d4:51:e3 |
[13489.814185] cloud-init[753]: ci-info: | enp0s3 | True |  fe80::df:c2ff:fed4:51e3/64 |       .       |  link  | 02:df:c2:d4:51:e3 |
[13489.822357] cloud-init[753]: ci-info: | enp0s8 | True |        192.168.56.11        | 255.255.255.0 | global | 08:00:27:0f:8b:26 |
[13489.830175] cloud-init[753]: ci-info: | enp0s8 | True | fe80::a00:27ff:fe0f:8b26/64 |       .       |  link  | 08:00:27:0f:8b:26 |
[13489.837807] cloud-init[753]: ci-info: |   lo   | True |          127.0.0.1          |   255.0.0.0   |  host  |         .         |
[13489.844958] cloud-init[753]: ci-info: |   lo   | True |           ::1/128           |       .       |  host  |         .         |
[13489.854888] cloud-init[753]: ci-info: +--------+------+-----------------------------+---------------+--------+-------------------+
[13489.867239] cloud-init[753]: ci-info: +++++++++++++++++++++++++++++Route IPv4 info+++++++++++++++++++++++++++++
[13489.877461] cloud-init[753]: ci-info: +-------+--------------+----------+-----------------+-----------+-------+
[13489.888160] cloud-init[753]: ci-info: | Route | Destination  | Gateway  |     Genmask     | Interface | Flags |
[13489.899593] cloud-init[753]: ci-info: +-------+--------------+----------+-----------------+-----------+-------+
[13489.912597] cloud-init[753]: ci-info: |   0   |   0.0.0.0    | 10.0.2.2 |     0.0.0.0     |   enp0s3  |   UG  |
[13489.922788] cloud-init[753]: ci-info: |   1   |   10.0.2.0   | 0.0.0.0  |  255.255.255.0  |   enp0s3  |   U   |
[13489.933294] cloud-init[753]: ci-info: |   2   |   10.0.2.2   | 0.0.0.0  | 255.255.255.255 |   enp0s3  |   UH  |
[13489.944695] cloud-init[753]: ci-info: |   3   | 192.168.56.0 | 0.0.0.0  |  255.255.255.0  |   enp0s8  |   U   |
[13489.955725] cloud-init[753]: ci-info: +-------+--------------+----------+-----------------+-----------+-------+
[13489.967003] cloud-init[753]: ci-info: +++++++++++++++++++Route IPv6 info+++++++++++++++++++
[13489.975981] cloud-init[753]: ci-info: +-------+-------------+---------+-----------+-------+
[13489.987994] cloud-init[753]: ci-info: | Route | Destination | Gateway | Interface | Flags |
[13489.997812] cloud-init[753]: ci-info: +-------+-------------+---------+-----------+-------+
[13490.007359] cloud-init[753]: ci-info: |   1   |  fe80::/64  |    ::   |   enp0s8  |   U   |
[13490.018262] cloud-init[753]: ci-info: |   2   |  fe80::/64  |    ::   |   enp0s3  |   U   |
[13490.030632] cloud-init[753]: ci-info: |   4   |    local    |    ::   |   enp0s3  |   U   |
[13490.040657] cloud-init[753]: ci-info: |   5   |    local    |    ::   |   enp0s8  |   U   |
[13490.050833] cloud-init[753]: ci-info: |   6   |   ff00::/8  |    ::   |   enp0s8  |   U   |
[13490.063562] cloud-init[753]: ci-info: |   7   |   ff00::/8  |    ::   |   enp0s3  |   U   |
[13490.082260] cloud-init[753]: ci-info: +-------+-------------+---------+-----------+-------+
[[0;32m  OK  [0m] Started Initial cloud-init job (metadata service crawler).
[[0;32m  OK  [0m] Reached target Cloud-config availability.
[[0;32m  OK  [0m] Reached target System Initialization.
[[0;32m  OK  [0m] Listening on Open-iSCSI iscsid Socket.
[[0;32m  OK  [0m] Started ACPI Events Check.
[[0;32m  OK  [0m] Reached target Paths.
         Starting Socket activation for snappy daemon.
[[0;32m  OK  [0m] Listening on D-Bus System Message Bus Socket.
[[0;32m  OK  [0m] Listening on ACPID Listen Socket.
[[0;32m  OK  [0m] Listening on UUID daemon activation socket.
[[0;32m  OK  [0m] Started Discard unused blocks once a week.
[[0;32m  OK  [0m] Started Ubuntu Advantage Timer for running repeated jobs.
[[0;32m  OK  [0m] Listening on cloud-init hotplug hook socket.
         Starting LXD - unix socket.
[[0;32m  OK  [0m] Started Daily apt download activities.
[[0;32m  OK  [0m] Started Daily apt upgrade and clean activities.
[[0;32m  OK  [0m] Started Message of the Day.
[[0;32m  OK  [0m] Started Daily Cleanup of Temporary Directories.
[[0;32m  OK  [0m] Reached target Timers.
[[0;32m  OK  [0m] Reached target Network is Online.
         Starting Availability of block devices...
[[0;32m  OK  [0m] Reached target Remote File Systems (Pre).
         Mounting /vagrant...
[[0;32m  OK  [0m] Listening on Socket activation for snappy daemon.
[[0;32m  OK  [0m] Listening on LXD - unix socket.
[[0;32m  OK  [0m] Started Availability of block devices.
         Starting Cleanup of Temporary Directories...
[[0;32m  OK  [0m] Reached target Sockets.
[[0;32m  OK  [0m] Reached target Basic System.
         Starting System Logging Service...
         Starting LXD - container startup/shutdown...
         Starting Accounts Service...
[[0;32m  OK  [0m] Started irqbalance daemon.
[[0;32m  OK  [0m] Started Regular background program processing daemon.
[[0;32m  OK  [0m] Started D-Bus System Message Bus.
         Starting vboxadd.service...
         Starting LSB: Record successful boot for GRUB...
         Starting Login Service...
[[0;32m  OK  [0m] Started FUSE filesystem for LXC.
[[0;32m  OK  [0m] Reached target Login Prompts (Pre).
         Starting Message of the Day...
         Starting Dispatcher daemon for systemd-networkd...
         Starting OpenBSD Secure Shell server...
[[0;32m  OK  [0m] Started Deferred execution scheduler.
         Starting Snap Daemon...
[[0;32m  OK  [0m] Started System Logging Service.
[[0;1;31mFAILED[0m] Failed to mount /vagrant.
See 'systemctl status vagrant.mount' for details.
[[0;1;33mDEPEND[0m] Dependency failed for Remote File Systems.
[[0;32m  OK  [0m] Started Cleanup of Temporary Directories.
[[0;32m  OK  [0m] Started Login Service.
         Starting Authorization Manager...
[[0;32m  OK  [0m] Started Unattended Upgrades Shutdown.
         Starting Permit User Sessions...
         Starting LSB: automatic crash report generation...
[[0;32m  OK  [0m] Started Permit User Sessions.
         Starting Hold until boot process finishes up...
         Starting Terminate Plymouth Boot Screen...
[[0;32m  OK  [0m] Started Hold until boot process finishes up.
         Starting Set console scheme...
[[0;32m  OK  [0m] Started Serial Getty on ttyS0.
[[0;32m  OK  [0m] Started Terminate Plymouth Boot Screen.
[[0;32m  OK  [0m] Started Set console scheme.
[[0;32m  OK  [0m] Created slice system-getty.slice.
[[0;32m  OK  [0m] Started Getty on tty1.
[[0;32m  OK  [0m] Reached target Login Prompts.
[[0;32m  OK  [0m] Started LSB: Record successful boot for GRUB.
[[0;32m  OK  [0m] Started Authorization Manager.
[[0;32m  OK  [0m] Started Accounts Service.
[[0;32m  OK  [0m] Started LSB: automatic crash report generation.
[[0;32m  OK  [0m] Started OpenBSD Secure Shell server.
[[0;32m  OK  [0m] Started Dispatcher daemon for systemd-networkd.

Ubuntu 18.04.6 LTS web01 ttyS0

web01 login: [13515.054842] cloud-init[1419]: Cloud-init v. 22.4.2-0ubuntu0~18.04.1 running 'modules:config' at Sat, 19 Aug 2023 06:55:13 +0000. Up 13514.18 seconds.
[13584.763970] cloud-init[9173]: Cloud-init v. 22.4.2-0ubuntu0~18.04.1 running 'modules:final' at Sat, 19 Aug 2023 12:56:41 +0000. Up 13583.97 seconds.
[13584.764742] cloud-init[9173]: Cloud-init v. 22.4.2-0ubuntu0~18.04.1 finished at Sat, 19 Aug 2023 12:56:41 +0000. Datasource DataSourceNoCloud [seed=/dev/sdb][dsmode=net].  Up 13584.72 seconds
[14955.314305] watchdog: BUG: soft lockup - CPU#1 stuck for 22s! [unattended-upgr:9475]
[[0;32m  OK  [0m] Stopped Unattended Upgrades Shutdown.
         Stopping Session 4 of user vagrant.
[[0;32m  OK  [0m] Closed Load/Save RF Kill Switch Status /dev/rfkill Watch.
[[0;32m  OK  [0m] Stopped target Cloud-init target.
[[0;32m  OK  [0m] Stopped Execute cloud user/final scripts.
[[0;32m  OK  [0m] Stopped target Timers.
[[0;32m  OK  [0m] Stopped Discard unused blocks once a week.
[[0;32m  OK  [0m] Stopped Apply the settings specified in cloud-config.
[[0;32m  OK  [0m] Stopped target Network is Online.
[[0;32m  OK  [0m] Stopped target Cloud-config availability.
         Stopping Authorization Manager...
         Stopping Availability of block devices...
[[0;32m  OK  [0m] Stopped Daily Cleanup of Temporary Directories.
[[0;32m  OK  [0m] Stopped target Host and Network Name         Stopping Serial Getty on ttyS0...
         Stopping LSB: Record successful boot for GRUB...
         Stopping System Logging Service...
         Stopping OpenBSD Secure Shell server...
         Stopping LSB: automatic crash report generation...
         Stopping LXD - container startup/shutdown...
         Stopping FUSE filesystem for LXC...
[[0;32m  OK  [0m] Stopped Wait until snapd is fully seeded.
         Stopping Dispatcher daemon for systemd-networkd...
         Stopping irqbalance daemon...
         Stopping Deferred execution scheduler...
         Stopping User Manager for UID 1000...
[[0;32m  OK  [0m] Stopped target Remote File Systems (Pre).
         Stopping Regular background program processing daemon...
         Stopping D-Bus System Message Bus...
[[0;32m  OK  [0m] Stopped Message of the Day.
[[0;32m  OK  [0m] Stopped target System Time Synchronized.
         Stopping vboxadd-service.service...
[[0;32m  OK  [0m] Stopped Ubuntu Advantage Timer for running repeated jobs.
[[0;32m  OK  [0m] Stopped System Logging Service.
[[0;32m  OK  [0m] Stopped Accounts Service.
[[0;32m  OK  [0m] Stopped irqbalance daemon.
[[0;32m  OK  [0m] Stopped Regular background program processing daemon.
[[0;32m  OK  [0m] Stopped Dispatcher daemon for systemd-networkd.
[[0;32m  OK  [0m] Stopped Deferred execution scheduler.
[[0;32m  OK  [0m] Unmounted /var/lib/lxcfs.
[[0;32m  OK  [0m] Stopped Authorization Manager.
[[0;32m  OK  [0m] Stopped Serial Getty on ttyS0.
[[0;32m  OK  [0m] Stopped Getty on tty1.
[[0;32m  OK  [0m] Stopped OpenBSD Secure Shell server.
[[0;32m  OK  [0m] Stopped User Manager for UID 1000.
[[0;32m  OK  [0m] Stopped D-Bus System Message Bus.
[[0;32m  OK  [0m] Stopped FUSE filesystem for LXC.
[[0;32m  OK  [0m] Stopped Availability of block devices.
[[0;32m  OK  [0m] Stopped Session 4 of user vagrant.
[[0;32m  OK  [0m] Removed slice User Slice of vagrant.
         Stopping Login Service...
[[0;32m  OK  [0m] Removed slice system-getty.slice.
[[0;32m  OK  [0m] Removed slice system-serial\x2dgetty.slice.
         Stopping Permit User Sessions...
[[0;32m  OK  [0m] Stopped target Login Prompts (Pre).
[[0;32m  OK  [0m] Stopped LSB: Record successful boot for GRUB.
[[0;32m  OK  [0m] Stopped LXD - container startup/shutdown.
[[0;32m  OK  [0m] Stopped Permit User Sessions.
[[0;32m  OK  [0m] Stopped target Network.
         Stopping Network Name Resolution...
[[0;32m  OK  [0m] Stopped LSB: automatic crash report generation.
[[0;32m  OK  [0m] Stopped Network Name Resolution.
[[0;32m  OK  [0m] Stopped Login Service.
[[0;32m  OK  [0m] Stopped target User and Group Name Lookups.
[[0;32m  OK  [0m] Stopped vboxadd-service.service.
         Stopping vboxadd.service...
[[0;32m  OK  [0m] Stopped vboxadd.service.
[[0;32m  OK  [0m] Stopped target Basic System.
[[0;32m  OK  [0m] Stopped target Sockets.
[[0;32m  OK  [0m] Closed LXD - unix socket.
[[0;32m  OK  [0m] Closed ACPID Listen Socket.
[[0;32m  OK  [0m] Closed Syslog Socket.
[[0;32m  OK  [0m] Closed cloud-init hotplug hook socket.
[[0;32m  OK  [0m] Closed D-Bus System Message Bus Socket.
[[0;32m  OK  [0m] Closed Socket activation for snappy daemon.
[[0;32m  OK  [0m] Closed UUID daemon activation socket.
[[0;32m  OK  [0m] Closed Open-iSCSI iscsid Socket.
[[0;32m  OK  [0m] Stopped target Slices.
[[0;32m  OK  [0m] Removed slice User and Session Slice.
[[0;32m  OK  [0m] Stopped target Paths.
[[0;32m  OK  [0m] Stopped ACPI Events Check.
[[0;32m  OK  [0m] Stopped target System Initialization.
         Stopping Load/Save Random Seed...
         Stopping Update UTMP about System Boot/Shutdown...
[[0;32m  OK  [0m] Stopped Initial cloud-init job (metadata service crawler).
[[0;32m  OK  [0m] Stopped Wait for Network to be Configured.
         Stopping Network Service...
[[0;32m  OK  [0m] Stopped target Local Encrypted Volumes.
[[0;32m  OK  [0m] Stopped Dispatch Password Requests to Console Directory Watch.
[[0;32m  OK  [0m] Stopped Forward Password Requests to Wall Directory Watch.
[[0;32m  OK  [0m] Stopped Load/Save Random Seed.
[[0;32m  OK  [0m] Stopped Update UTMP about System Boot/Shutdown.
[[0;32m  OK  [0m] Stopped Create Volatile Files and Directories.
[[0;32m  OK  [0m] Stopped target Local File Systems.
         Unmounting /run/user/1000...
[[0;32m  OK  [0m] Stopped target Mounted snaps.
[[0;32m  OK  [0m] Stopped target Mounting snaps.
[[0;32m  OK  [0m] Stopped Network Service.
[[0;32m  OK  [0m] Stopped Apply Kernel Variables.
[[0;32m  OK  [0m] Stopped Load Kernel Modules.
[[0;32m  OK  [0m] Stopped target Network (Pre).
[[0;32m  OK  [0m] Stopped Initial cloud-init job (pre-networking).
[[0;32m  OK  [0m] Unmounted /run/user/1000.
[[0;32m  OK  [0m] Reached target Unmount All Filesystems.
[[0;32m  OK  [0m] Stopped target Swap.
[[0;32m  OK  [0m] Stopped target Local File Systems (Pre).
[[0;32m  OK  [0m] Stopped Remount Root and Kernel File Systems.
[[0;32m  OK  [0m] Stopped Create Static Device Nodes in /dev.
[[0;32m  OK  [0m] Reached target Shutdown.
[[0;32m  OK  [0m] Reached target Final Step.
         Starting Power-Off...
         Stopping Monitoring of LVM2 mirrors…ng dmeventd or progress polling...
[17808.177118] reboot: Power down
